<?xml version="1.0" encoding="UTF-8"?>
<!-- Generated by org.testng.reporters.JUnitReportReporter -->
<testsuite hostname="DESKTOP-6C304BI" failures="0" tests="2" name="com.bdd.runner.TestRunnerex" time="0.136" errors="0" timestamp="2023-08-03T18:00:04 IST" skipped="0">
  <testcase classname="com.bdd.runner.TestRunnerex" name="runScenario" time="0.135"/>
  <system-out/>
  <testcase classname="com.bdd.runner.TestRunnerex" name="runScenario" time="0.001"/>
  <system-out/>
</testsuite> <!-- com.bdd.runner.TestRunnerex -->
